<testsuite failures="0" name="src/test/java/features/sample.feature" skipped="0" tests="3" time="0.040095">
  <testcase classname="src.test.java.features.sample" name="Hello World Scenario" time="0.006416">
    <system-out>* print 'Hello World' ..................................................... passed
* print 'Hello QA automation Labs' ........................................ passed</system-out>
  </testcase>
  <testcase classname="src.test.java.features.sample" name="declare and print variables" time="0.023865">
    <system-out>* print 'Hello World' ..................................................... passed
* print 'Hello QA automation Labs' ........................................ passed
* def balance = 200 ....................................................... passed
* def fee = 20 ............................................................ passed
* def tax = 10 ............................................................ passed
* print 'total amount -&gt;' + (balance + fee + tax) ......................... passed</system-out>
  </testcase>
  <testcase classname="src.test.java.features.sample" name="calculator scenario" time="0.009814">
    <system-out>* print 'Hello World' ..................................................... passed
* print 'Hello QA automation Labs' ........................................ passed
* def balance = 200 ....................................................... passed
* def fee = 20 ............................................................ passed
* def tax = 10 ............................................................ passed
* print 'total amount -&gt;' + (balance + fee + tax) ......................... passed
* def a = 200 ............................................................. passed
* def b = 20 .............................................................. passed
* print 'mul -&gt;' + (a * b) ................................................ passed</system-out>
  </testcase>
</testsuite>
