<testsuite failures="0" name="src/test/java/features/json.feature" skipped="0" tests="2" time="0.135476">
  <testcase classname="src.test.java.features.json" name="json reader parser" time="0.105359">
    <system-out>* def jsonObject = ........................................................ passed
* print jsonObject ........................................................ passed
* print jsonObject[0] ..................................................... passed
* print jsonObject[1].name + " " + jsonObject[1].city + " " + jsonObject[1].age . passed</system-out>
  </testcase>
  <testcase classname="src.test.java.features.json" name="complex json reader" time="0.030118">
    <system-out>* def jsonObject = ........................................................ passed
* print jsonObject ........................................................ passed
* print jsonObject[0] ..................................................... passed
* print jsonObject[1].name + " " + jsonObject[1].city + " " + jsonObject[1].age . passed
* def jsonObject = ........................................................ passed
* print jsonObject ........................................................ passed
* print jsonObject.menu ................................................... passed
* print jsonObject.menu.id ................................................ passed
* print jsonObject.menu.popup.menuitem[0].value ........................... passed
* print jsonObject.menu.popup.menuitem[0].onclick ......................... passed</system-out>
  </testcase>
</testsuite>
